<?xml version="1.0" encoding="UTF-8"?>
<testng-results skipped="0" failed="0" total="1" passed="1">
  <reporter-output>
  </reporter-output>
  <suite name="Default suite" duration-ms="15932" started-at="2019-12-12T06:57:16Z" finished-at="2019-12-12T06:57:32Z">
    <groups>
    </groups>
    <test name="Default test" duration-ms="15932" started-at="2019-12-12T06:57:16Z" finished-at="2019-12-12T06:57:32Z">
      <class name="com.rapido.tests.AmzJsonTest">
        <test-method status="PASS" signature="before()[pri:0, instance:com.rapido.tests.AmzJsonTest@511baa65]" name="before" is-config="true" duration-ms="20" started-at="2019-12-12T12:27:16Z" finished-at="2019-12-12T12:27:17Z">
          <reporter-output>
          </reporter-output>
        </test-method> <!-- before -->
        <test-method status="PASS" signature="beforeMethod()[pri:0, instance:com.rapido.tests.AmzJsonTest@511baa65]" name="beforeMethod" is-config="true" duration-ms="4165" started-at="2019-12-12T12:27:17Z" finished-at="2019-12-12T12:27:21Z">
          <reporter-output>
          </reporter-output>
        </test-method> <!-- beforeMethod -->
        <test-method status="PASS" signature="AmazonSearchTest()[pri:0, instance:com.rapido.tests.AmzJsonTest@511baa65]" name="AmazonSearchTest" duration-ms="11488" started-at="2019-12-12T12:27:21Z" finished-at="2019-12-12T12:27:32Z">
          <reporter-output>
          </reporter-output>
        </test-method> <!-- AmazonSearchTest -->
        <test-method status="PASS" signature="afterMethod()[pri:0, instance:com.rapido.tests.AmzJsonTest@511baa65]" name="afterMethod" is-config="true" duration-ms="233" started-at="2019-12-12T12:27:32Z" finished-at="2019-12-12T12:27:32Z">
          <reporter-output>
          </reporter-output>
        </test-method> <!-- afterMethod -->
        <test-method status="PASS" signature="afterTest()[pri:0, instance:com.rapido.tests.AmzJsonTest@511baa65]" name="afterTest" is-config="true" duration-ms="0" started-at="2019-12-12T12:27:32Z" finished-at="2019-12-12T12:27:32Z">
          <reporter-output>
          </reporter-output>
        </test-method> <!-- afterTest -->
      </class> <!-- com.rapido.tests.AmzJsonTest -->
    </test> <!-- Default test -->
  </suite> <!-- Default suite -->
</testng-results>
